make all --print-data-base --no-builtin-variables --no-builtin-rules --question
# GNU Make 4.3
# Built for x86_64-pc-linux-gnu
# Copyright (C) 1988-2020 Free Software Foundation, Inc.
# License GPLv3+: GNU GPL version 3 or later <http://gnu.org/licenses/gpl.html>
# This is free software: you are free to change and redistribute it.
# There is NO WARRANTY, to the extent permitted by law.

# Make data base, printed on Sun Apr 11 17:31:45 2021

# Variables

# makefile (from 'Makefile', line 13)
SRC = $(wildcard $(SRCDIR)*.c)
# environment
NO_AT_BRIDGE = 1
# makefile (from 'Makefile', line 4)
OBJDIR := obj/
# makefile (from 'Makefile', line 16)
CLIENT = $(OBJDIR)$(basename $(notdir $(CLI)))
# environment
VSCODE_IPC_HOOK_EXTHOST = /run/user/1000/vscode-ipc-e594d5a9-19f1-44ab-b44f-cd2e404db2d8.sock
# environment
LC_NAME = pt_BR.UTF-8
# environment
LC_NUMERIC = pt_BR.UTF-8
# environment
VSCODE_CWD = /home/jean
# makefile (from 'Makefile', line 2)
LIBS := -lm
# environment
LC_ADDRESS = pt_BR.UTF-8
# environment
GDM_LANG = en_US.utf8
# default
MAKE_COMMAND := make
# environment
GTK3_MODULES = xapp-gtk3-module
# automatic
@D = $(patsubst %/,%,$(dir $@))
# makefile (from 'Makefile', line 8)
CLI := client/main.c
# environment
VSCODE_HANDLES_UNCAUGHT_ERRORS = true
# default
.VARIABLES := 
# environment
PWD = /home/jean/Uflix
# automatic
%D = $(patsubst %/,%,$(dir $%))
# environment
MAIL = /var/spool/mail/jean
# environment
XDG_DATA_DIRS = /home/jean/.local/share/flatpak/exports/share:/var/lib/flatpak/exports/share:/usr/local/share:/usr/share
# automatic
^D = $(patsubst %/,%,$(dir $^))
# environment
VSCODE_LOG_STACK = false
# automatic
%F = $(notdir $%)
# environment
XDG_SESSION_PATH = /org/freedesktop/DisplayManager/Session0
# environment
LANG = en_US.utf8
# environment
XAUTHORITY = /home/jean/.Xauthority
# default
.LOADED := 
# default
.INCLUDE_DIRS = /usr/include /usr/local/include /usr/include
# makefile
MAKEFLAGS = pqrR
# makefile
CURDIR := /home/jean/Uflix
# environment
VSCODE_PIPE_LOGGING = true
# environment
APPLICATION_INSIGHTS_NO_DIAGNOSTIC_CHANNEL = true
# automatic
*D = $(patsubst %/,%,$(dir $*))
# environment
MFLAGS = -pqrR
# default
.SHELLFLAGS := -c
# automatic
+D = $(patsubst %/,%,$(dir $+))
# environment
XDG_SESSION_DESKTOP = qtile
# environment
VSCODE_CRASH_REPORTER_START_OPTIONS = {"companyName":"Microsoft","productName":"VSCodium","submitURL":"","uploadToServer":false}
# makefile (from 'Makefile', line 1)
MAKEFILE_LIST := Makefile
# automatic
@F = $(notdir $@)
# environment
VSCODE_VERBOSE_LOGGING = true
# environment
VSCODE_PID = 866826
# environment
XDG_SESSION_TYPE = x11
# automatic
?D = $(patsubst %/,%,$(dir $?))
# automatic
*F = $(notdir $*)
# environment
QT_QPA_PLATFORMTHEME = qt5ct
# environment
CHROME_DESKTOP = codium-url-handler.desktop
# environment
DBUS_SESSION_BUS_ADDRESS = unix:path=/run/user/1000/bus
# automatic
<D = $(patsubst %/,%,$(dir $<))
# environment
VSCODE_NLS_CONFIG = {"locale":"en-us","availableLanguages":{},"_languagePackSupport":true}
# environment
BREAKPAD_DUMP_LOCATION = /home/jean/.config/VSCodium/exthost Crash Reports
# default
MAKE_HOST := x86_64-pc-linux-gnu
# makefile
SHELL = /bin/sh
# default
MAKECMDGOALS := all
# makefile (from 'Makefile', line 14)
HEADERS = $(wildcard $(INCLUDEDIR)*.h)
# environment
SHLVL = 1
# environment
MAKELEVEL := 0
# default
MAKE = $(MAKE_COMMAND)
# environment
PATH = /home/jean/.local/bin:/usr/local/bin:/usr/bin:/bin:/usr/local/sbin:/usr/lib/jvm/default/bin:/usr/bin/site_perl:/usr/bin/vendor_perl:/usr/bin/core_perl
# default
MAKEFILES := 
# environment
LC_MONETARY = pt_BR.UTF-8
# environment
MOTD_SHOWN = pam
# automatic
^F = $(notdir $^)
# environment
LC_TIME = pt_BR.UTF-8
# environment
VSCODE_LOG_NATIVE = false
# environment
LINES = 24
# environment
LC_TELEPHONE = pt_BR.UTF-8
# automatic
?F = $(notdir $?)
# environment
XDG_SEAT = seat0
# makefile (from 'Makefile', line 6)
INCLUDEDIR := include/
# automatic
+F = $(notdir $+)
# environment
XDG_SEAT_PATH = /org/freedesktop/DisplayManager/Seat0
# environment
DESKTOP_SESSION = qtile
# environment
ORIGINAL_XDG_CURRENT_DESKTOP = undefined
# makefile (from 'Makefile', line 19)
OBJECTS := obj/Historico.o obj/Usuario.o obj/main.o
# 'override' directive
GNUMAKEFLAGS := 
# environment
LOGNAME = jean
# environment
XDG_VTNR = 7
# makefile
.DEFAULT_GOAL := all
# environment
EDITOR = /usr/bin/nano
# environment
DISPLAY = :0
# environment
GTK_MODULES = canberra-gtk-module
# environment
USER = jean
# default
MAKE_VERSION := 4.3
# environment
LC_MEASUREMENT = pt_BR.UTF-8
# environment
VSCODE_NODE_CACHED_DATA_DIR = /home/jean/.config/VSCodium/CachedData/c185983a683d14c396952dd432459097bc7f757f
# environment
_ = /usr/bin/make
# environment
LC_PAPER = pt_BR.UTF-8
# environment
MOZ_PLUGIN_PATH = /usr/lib/mozilla/plugins
# environment
XDG_RUNTIME_DIR = /run/user/1000
# makefile (from 'Makefile', line 3)
CFLAGS := -g -O3
# environment
XDG_SESSION_CLASS = user
# environment
VSCODE_AMD_ENTRYPOINT = vs/workbench/services/extensions/node/extensionHostProcess
# environment
GTK2_RC_FILES = /home/jean/.gtkrc-2.0
# environment
HOME = /home/jean
# environment
ELECTRON_RUN_AS_NODE = 1
# environment
VSCODE_IPC_HOOK = /run/user/1000/vscode-6e272165-1.55.0-main.sock
# environment
HG = /usr/bin/hg
# makefile (from 'Makefile', line 5)
SRCDIR := src/
# environment
XDG_SESSION_ID = 2
# default
.RECIPEPREFIX := 
# automatic
<F = $(notdir $<)
# environment
COLUMNS = 80
# default
SUFFIXES := 
# makefile (from 'Makefile', line 1)
TARGET := tp1
# environment
QT_AUTO_SCREEN_SCALE_FACTOR = 0
# environment
VSCODE_CLI = 1
# environment
ELECTRON_NO_ATTACH_CONSOLE = 1
# environment
XDG_GREETER_DATA_DIR = /var/lib/lightdm-data/jean
# default
.FEATURES := target-specific order-only second-expansion else-if shortest-stem undefine oneshell nocomment grouped-target extra-prereqs archives jobserver output-sync check-symlink guile load
# makefile (from 'Makefile', line 9)
CC := gcc
# makefile (from 'Makefile', line 7)
INCLUDE_PATHS := -Iinclude
# environment
GDMSESSION = qtile
# environment
LC_IDENTIFICATION = pt_BR.UTF-8
# variable set hash-table stats:
# Load=115/1024=11%, Rehash=0, Collisions=10/172=6%

# Pattern-specific Variable Values

# No pattern-specific variable values.

# Directories

# include (device 2053, inode 33886013): 4 files, no impossibilities.
# src (device 2053, inode 33886015): 4 files, no impossibilities.
# . (device 2053, inode 33885927): 12 files, no impossibilities.

# 20 files, no impossibilities in 3 directories.

# Implicit Rules

obj/%.o: src/%.c include/Historico.h include/Usuario.h
#  recipe to execute (from 'Makefile', line 22):
	@ mkdir -p $(OBJDIR)
	$(CC) $(INCLUDE_PATHS) $(CFLAGS) -c -o $@ $<

# 1 implicit rules, 0 (0,0%) terminal.
# Files

# Not a target:
include/Usuario.h:
#  Implicit rule search has been done.
#  Last modified 2021-04-11 17:12:49.754857121
#  File has been updated.
#  Successfully updated.

# Not a target:
include/Historico.h:
#  Implicit rule search has been done.
#  Last modified 2021-04-11 17:31:45.741534388
#  File has been updated.
#  Successfully updated.

obj/main.o: client/main.c
#  Implicit rule search has not been done.
#  Modification time never checked.
#  File has not been updated.
#  recipe to execute (from 'Makefile', line 26):
	$(CC) $(INCLUDE_PATHS) $(CFLAGS) -c -o $@ $<

# Not a target:
Makefile:
#  Implicit rule search has been done.
 
#  Last modified 2021-04-01 13:10:06.487917931
#  File has been updated.
#  Successfully updated.

clean:
#  Implicit rule search has not been done.
#  Modification time never checked.
#  File has not been updated.
#  recipe to execute (from 'Makefile', line 33):
	-rm -f -r obj
	-rm -f *.o
	-rm -f $(TARGET)

tp1: obj/Historico.o obj/Usuario.o obj/main.o
#  Implicit rule search has not been done.
#  Last modified 2021-04-11 17:12:49.758190455
#  File has been updated.
#  Needs to be updated (-q is set).
# variable set hash-table stats:
# Load=0/32=0%, Rehash=0, Collisions=0/7=0%
#  recipe to execute (from 'Makefile', line 30):
	$(CC) $(INCLUDE_PATHS) $(OBJECTS) $(LIBS) -o $@

# Not a target:
obj/Usuario.o:
#  Implicit rule search has not been done.
#  Modification time never checked.
#  File has not been updated.

# Not a target:
.DEFAULT:
#  Implicit rule search has not been done.
#  Modification time never checked.
#  File has not been updated.

all: tp1
#  Command line target.
#  Implicit rule search has been done.
#  File does not exist.
#  File has been updated.
#  Needs to be updated (-q is set).
# variable set hash-table stats:
# Load=0/32=0%, Rehash=0, Collisions=0/7=0%

# Not a target:
client/main.c:
#  Implicit rule search has not been done.
#  Modification time never checked.
#  File has not been updated.

obj/Historico.o: src/Historico.c include/Historico.h include/Usuario.h
#  Implicit rule search has been done.
#  Implicit/static pattern stem: 'Historico'
#  File does not exist.
#  File has been updated.
#  Needs to be updated (-q is set).
# automatic
# @ := obj/Historico.o
# automatic
# * := Historico
# automatic
# < := src/Historico.c
# automatic
# + := src/Historico.c include/Historico.h include/Usuario.h
# automatic
# % := 
# automatic
# ^ := src/Historico.c include/Historico.h include/Usuario.h
# automatic
# ? := src/Historico.c include/Historico.h include/Usuario.h
# automatic
# | := 
# variable set hash-table stats:
# Load=8/32=25%, Rehash=0, Collisions=2/17=12%
#  recipe to execute (from 'Makefile', line 22):
	@ mkdir -p $(OBJDIR)
	$(CC) $(INCLUDE_PATHS) $(CFLAGS) -c -o $@ $<

# Not a target:
src/Historico.c:
#  Implicit rule search has been done.
#  Last modified 2021-04-11 17:31:45.741534388
#  File has been updated.
#  Successfully updated.

# files hash-table stats:
# Load=13/1024=1%, Rehash=0, Collisions=0/37=0%
# VPATH Search Paths

# No 'vpath' search paths.

# No general ('VPATH' variable) search path.

# strcache buffers: 1 (0) / strings = 32 / storage = 317 B / avg = 9 B
# current buf: size = 8162 B / used = 317 B / count = 32 / avg = 9 B

# strcache performance: lookups = 55 / hit rate = 41%
# hash-table stats:
# Load=32/8192=0%, Rehash=0, Collisions=0/55=0%
# Finished Make data base on Sun Apr 11 17:31:45 2021

 
